<?xml version="1.0" encoding="UTF-8"?>
<!-- Generated by org.testng.reporters.JUnitReportReporter -->
<testsuite hostname="DESKTOP-0MJG7AG" failures="0" tests="3" name="com.functionalTesting.testcases.OrangeHRMLoginTest" time="16.788" errors="0" timestamp="2026-08-07T15:46:35 IST" skipped="0">
  <testcase classname="com.functionalTesting.testcases.OrangeHRMLoginTest" name="verifyLogin" time="6.492"/>
  <testcase classname="com.functionalTesting.testcases.OrangeHRMLoginTest" name="verifyLogin" time="5.190"/>
  <testcase classname="com.functionalTesting.testcases.OrangeHRMLoginTest" name="verifyLogin" time="5.106"/>
</testsuite> <!-- com.functionalTesting.testcases.OrangeHRMLoginTest -->
