<?xml version="1.0" encoding="UTF-8"?>
<!-- Generated by org.testng.reporters.JUnitXMLReporter -->
<testsuite ignored="0" hostname="DESKTOP-0MJG7AG" failures="0" tests="4" name="Automation Test" time="31.726" errors="0" timestamp="2026-08-07T15:46:35 IST">
  <testcase classname="com.functionalTesting.testcases.ERailTest" name="verifyValidTrains" time="14.73"/>
  <testcase classname="com.functionalTesting.testcases.OrangeHRMLoginTest" name="verifyLogin" time="2.221"/>
  <testcase classname="com.functionalTesting.testcases.OrangeHRMLoginTest" name="verifyLogin" time="1.748"/>
  <testcase classname="com.functionalTesting.testcases.OrangeHRMLoginTest" name="verifyLogin" time="1.83"/>
</testsuite> <!-- Automation Test -->
