<?xml version="1.0" encoding="UTF-8"?>
<testng-results ignored="0" total="4" passed="4" failed="0" skipped="0">
  <reporter-output>
  </reporter-output>
  <suite started-at="2026-08-07T15:46:03 IST" name="Functional Testing Suite" finished-at="2026-08-07T15:46:35 IST" duration-ms="31726">
    <groups>
    </groups>
    <test started-at="2026-08-07T15:46:03 IST" name="Automation Test" finished-at="2026-08-07T15:46:35 IST" duration-ms="31726">
      <class name="com.functionalTesting.testcases.ERailTest">
        <test-method signature="verifyValidTrains()[pri:0, instance:com.functionalTesting.testcases.ERailTest@58a9760d]" started-at="2026-08-07T15:46:03 IST" name="verifyValidTrains" finished-at="2026-08-07T15:46:18 IST" duration-ms="14730" status="PASS">
          <reporter-output>
          </reporter-output>
        </test-method> <!-- verifyValidTrains -->
        <test-method is-config="true" signature="closeBrowser()[pri:0, instance:com.functionalTesting.testcases.ERailTest@58a9760d]" started-at="2026-08-07T15:46:18 IST" name="closeBrowser" finished-at="2026-08-07T15:46:18 IST" duration-ms="143" status="PASS">
          <reporter-output>
          </reporter-output>
        </test-method> <!-- closeBrowser -->
      </class> <!-- com.functionalTesting.testcases.ERailTest -->
      <class name="com.functionalTesting.testcases.OrangeHRMLoginTest">
        <test-method is-config="true" signature="setup()[pri:0, instance:com.functionalTesting.testcases.OrangeHRMLoginTest@313b2ea6]" started-at="2026-08-07T15:46:18 IST" name="setup" finished-at="2026-08-07T15:46:22 IST" duration-ms="4145" status="PASS">
          <reporter-output>
          </reporter-output>
        </test-method> <!-- setup -->
        <test-method signature="verifyLogin(java.lang.String,java.lang.String,java.lang.String)[pri:0, instance:com.functionalTesting.testcases.OrangeHRMLoginTest@313b2ea6]" started-at="2026-08-07T15:46:22 IST" name="verifyLogin" data-provider="loginData" finished-at="2026-08-07T15:46:24 IST" duration-ms="2221" status="PASS">
          <params>
            <param index="0">
              <value>
                <![CDATA[Admin]]>
              </value>
            </param>
            <param index="1">
              <value>
                <![CDATA[admin123]]>
              </value>
            </param>
            <param index="2">
              <value>
                <![CDATA[Valid]]>
              </value>
            </param>
          </params>
          <reporter-output>
          </reporter-output>
        </test-method> <!-- verifyLogin -->
        <test-method is-config="true" signature="closeBrowser()[pri:0, instance:com.functionalTesting.testcases.OrangeHRMLoginTest@313b2ea6]" started-at="2026-08-07T15:46:24 IST" name="closeBrowser" finished-at="2026-08-07T15:46:25 IST" duration-ms="121" status="PASS">
          <reporter-output>
          </reporter-output>
        </test-method> <!-- closeBrowser -->
        <test-method is-config="true" signature="setup()[pri:0, instance:com.functionalTesting.testcases.OrangeHRMLoginTest@313b2ea6]" started-at="2026-08-07T15:46:25 IST" name="setup" finished-at="2026-08-07T15:46:28 IST" duration-ms="3239" status="PASS">
          <reporter-output>
          </reporter-output>
        </test-method> <!-- setup -->
        <test-method signature="verifyLogin(java.lang.String,java.lang.String,java.lang.String)[pri:0, instance:com.functionalTesting.testcases.OrangeHRMLoginTest@313b2ea6]" started-at="2026-08-07T15:46:28 IST" name="verifyLogin" data-provider="loginData" finished-at="2026-08-07T15:46:30 IST" duration-ms="1748" status="PASS">
          <params>
            <param index="0">
              <value>
                <![CDATA[Admin]]>
              </value>
            </param>
            <param index="1">
              <value>
                <![CDATA[wrong123]]>
              </value>
            </param>
            <param index="2">
              <value>
                <![CDATA[Invalid]]>
              </value>
            </param>
          </params>
          <reporter-output>
          </reporter-output>
        </test-method> <!-- verifyLogin -->
        <test-method is-config="true" signature="closeBrowser()[pri:0, instance:com.functionalTesting.testcases.OrangeHRMLoginTest@313b2ea6]" started-at="2026-08-07T15:46:30 IST" name="closeBrowser" finished-at="2026-08-07T15:46:30 IST" duration-ms="126" status="PASS">
          <reporter-output>
          </reporter-output>
        </test-method> <!-- closeBrowser -->
        <test-method is-config="true" signature="setup()[pri:0, instance:com.functionalTesting.testcases.OrangeHRMLoginTest@313b2ea6]" started-at="2026-08-07T15:46:30 IST" name="setup" finished-at="2026-08-07T15:46:33 IST" duration-ms="3252" status="PASS">
          <reporter-output>
          </reporter-output>
        </test-method> <!-- setup -->
        <test-method signature="verifyLogin(java.lang.String,java.lang.String,java.lang.String)[pri:0, instance:com.functionalTesting.testcases.OrangeHRMLoginTest@313b2ea6]" started-at="2026-08-07T15:46:33 IST" name="verifyLogin" data-provider="loginData" finished-at="2026-08-07T15:46:35 IST" duration-ms="1830" status="PASS">
          <params>
            <param index="0">
              <value>
                <![CDATA[Test]]>
              </value>
            </param>
            <param index="1">
              <value>
                <![CDATA[test123]]>
              </value>
            </param>
            <param index="2">
              <value>
                <![CDATA[Invalid]]>
              </value>
            </param>
          </params>
          <reporter-output>
          </reporter-output>
        </test-method> <!-- verifyLogin -->
        <test-method is-config="true" signature="closeBrowser()[pri:0, instance:com.functionalTesting.testcases.OrangeHRMLoginTest@313b2ea6]" started-at="2026-08-07T15:46:35 IST" name="closeBrowser" finished-at="2026-08-07T15:46:35 IST" duration-ms="106" status="PASS">
          <reporter-output>
          </reporter-output>
        </test-method> <!-- closeBrowser -->
      </class> <!-- com.functionalTesting.testcases.OrangeHRMLoginTest -->
    </test> <!-- Automation Test -->
  </suite> <!-- Functional Testing Suite -->
</testng-results>
